[2025-01-08 11:07:45.790] [jointLog] [info] setting maxHashResizeThreads to 2
[2025-01-08 11:07:45.790] [jointLog] [info] Fragment incompatibility prior below threshold.  Incompatible fragments will be ignored.
[2025-01-08 11:07:45.790] [jointLog] [info] Usage of --validateMappings implies use of minScoreFraction. Since not explicitly specified, it is being set to 0.65
[2025-01-08 11:07:45.790] [jointLog] [info] Setting consensusSlack to selective-alignment default of 0.35.
[2025-01-08 11:07:45.790] [jointLog] [info] parsing read library format
[2025-01-08 11:07:45.790] [jointLog] [info] There is 1 library.
[2025-01-08 11:07:45.790] [jointLog] [info] Loading pufferfish index
[2025-01-08 11:07:45.790] [jointLog] [info] Loading dense pufferfish index.
[2025-01-08 11:07:45.800] [jointLog] [info] done
[2025-01-08 11:07:45.885] [jointLog] [info] Index contained 1,524 targets
[2025-01-08 11:07:45.885] [jointLog] [info] Number of decoys : 0
[2025-01-08 11:07:51.998] [jointLog] [info] Computed 7,559 rich equivalence classes for further processing
[2025-01-08 11:07:51.998] [jointLog] [info] Counted 1,000,503 total reads in the equivalence classes 
[2025-01-08 11:07:52.000] [jointLog] [info] Number of mappings discarded because of alignment score : 196,090
[2025-01-08 11:07:52.000] [jointLog] [info] Number of fragments entirely discarded because of alignment score : 16
[2025-01-08 11:07:52.000] [jointLog] [info] Number of fragments discarded because they are best-mapped to decoys : 0
[2025-01-08 11:07:52.000] [jointLog] [info] Number of fragments discarded because they have only dovetail (discordant) mappings to valid targets : 601
[2025-01-08 11:07:52.000] [jointLog] [warning] Only 1000503 fragments were mapped, but the number of burn-in fragments was set to 5000000.
The effective lengths have been computed using the observed mappings.

[2025-01-08 11:07:52.000] [jointLog] [info] Mapping rate = 99.9984%

[2025-01-08 11:07:52.000] [jointLog] [info] finished quantifyLibrary()
[2025-01-08 11:07:52.000] [jointLog] [info] Starting optimizer
[2025-01-08 11:07:52.002] [jointLog] [info] Marked 0 weighted equivalence classes as degenerate
[2025-01-08 11:07:52.003] [jointLog] [info] iteration = 0 | max rel diff. = 32.6703
[2025-01-08 11:07:52.063] [jointLog] [info] iteration = 100 | max rel diff. = 0.00599895
[2025-01-08 11:07:52.063] [jointLog] [info] Finished optimizer
[2025-01-08 11:07:52.063] [jointLog] [info] writing output 

[2025-01-08 11:07:51.998] [fileLog] [info] 
At end of round 0
==================
Observed 1000519 total fragments (1000519 in most recent round)

