[2025-01-08 11:07:31.813] [jointLog] [info] setting maxHashResizeThreads to 2
[2025-01-08 11:07:31.813] [jointLog] [info] Fragment incompatibility prior below threshold.  Incompatible fragments will be ignored.
[2025-01-08 11:07:31.813] [jointLog] [info] Usage of --validateMappings implies use of minScoreFraction. Since not explicitly specified, it is being set to 0.65
[2025-01-08 11:07:31.813] [jointLog] [info] Setting consensusSlack to selective-alignment default of 0.35.
[2025-01-08 11:07:31.813] [jointLog] [info] parsing read library format
[2025-01-08 11:07:31.813] [jointLog] [info] There is 1 library.
[2025-01-08 11:07:31.813] [jointLog] [info] Loading pufferfish index
[2025-01-08 11:07:31.813] [jointLog] [info] Loading dense pufferfish index.
[2025-01-08 11:07:31.821] [jointLog] [info] done
[2025-01-08 11:07:31.900] [jointLog] [info] Index contained 1,524 targets
[2025-01-08 11:07:31.900] [jointLog] [info] Number of decoys : 0
[2025-01-08 11:07:38.325] [fileLog] [info] 
At end of round 0
==================
Observed 967222 total fragments (967222 in most recent round)

[2025-01-08 11:07:38.325] [jointLog] [info] Computed 7,460 rich equivalence classes for further processing
[2025-01-08 11:07:38.325] [jointLog] [info] Counted 967,199 total reads in the equivalence classes 
[2025-01-08 11:07:38.327] [jointLog] [info] Number of mappings discarded because of alignment score : 185,356
[2025-01-08 11:07:38.327] [jointLog] [info] Number of fragments entirely discarded because of alignment score : 23
[2025-01-08 11:07:38.327] [jointLog] [info] Number of fragments discarded because they are best-mapped to decoys : 0
[2025-01-08 11:07:38.327] [jointLog] [info] Number of fragments discarded because they have only dovetail (discordant) mappings to valid targets : 801
[2025-01-08 11:07:38.327] [jointLog] [warning] Only 967199 fragments were mapped, but the number of burn-in fragments was set to 5000000.
The effective lengths have been computed using the observed mappings.

[2025-01-08 11:07:38.327] [jointLog] [info] Mapping rate = 99.9976%

[2025-01-08 11:07:38.327] [jointLog] [info] finished quantifyLibrary()
[2025-01-08 11:07:38.328] [jointLog] [info] Starting optimizer
[2025-01-08 11:07:38.331] [jointLog] [info] Marked 0 weighted equivalence classes as degenerate
[2025-01-08 11:07:38.331] [jointLog] [info] iteration = 0 | max rel diff. = 23.1635
[2025-01-08 11:07:38.363] [jointLog] [info] iteration = 100 | max rel diff. = 0.0802589
[2025-01-08 11:07:38.368] [jointLog] [info] iteration = 119 | max rel diff. = 0.00667214
[2025-01-08 11:07:38.368] [jointLog] [info] Finished optimizer
[2025-01-08 11:07:38.368] [jointLog] [info] writing output 

